Arguments: 
  C:\Program Files\nodejs\node.exe C:\Users\Asus\AppData\Roaming\npm\node_modules\yarn\bin\yarn.js add @material-ui

PATH: 
  F:\study\4-1\CSE 408\Development\project_venv\Scripts;C:\Python310\Scripts\;C:\Python310\;C:\Program Files (x86)\Common Files\Oracle\Java\javapath;C:\Program Files\Common Files\Oracle\Java\javapath;C:\Users\Asus\Scripts\;C:\Users\Asus\;F:\app\Asus\product\11.2.0\dbhome_1\bin;C:\Windows\system32;C:\Windows;C:\Windows\System32\Wbem;C:\Windows\System32\WindowsPowerShell\v1.0\;C:\Windows\System32\OpenSSH\;C:\Program Files (x86)\NVIDIA Corporation\PhysX\Common;C:\Program Files\Intel\WiFi\bin\;C:\Program Files\Common Files\Intel\WirelessCommon\;C:\Program Files\Java\jdk-13.0.2\bin;F:\study\2-2\CSE 216;C:\WINDOWS\system32;C:\WINDOWS;C:\WINDOWS\System32\Wbem;C:\WINDOWS\System32\WindowsPowerShell\v1.0\;C:\WINDOWS\System32\OpenSSH\;C:\Program Files\Git\cmd;C:\Program Files\Git\mingw64\bin;C:\Program Files\Git\usr\bin;C:\Program Files\Microchip\xc8\v2.31\bin;C:\Program Files\nodejs\;C:\ProgramData\chocolatey\bin;C:\Users\Asus\anaconda3\condabin;C:\Users\Asus\anaconda3\Scripts;C:\Users\Asus\anaconda3\Library\bin;C:\Windows\system32;C:\Windows;C:\Windows\System32\Wbem;C:\Users\Asus\AppData\Local\Programs\Microsoft VS Code\bin;C:\Users\Asus\AppData\Roaming\npm

Yarn version: 
  1.22.19

Node version: 
  16.15.1

Platform: 
  win32 x64

Trace: 
  Error: https://registry.yarnpkg.com/@material-ui: Request "https://registry.yarnpkg.com/@material-ui" returned a 405
      at Request.params.callback [as _callback] (C:\Users\Asus\AppData\Roaming\npm\node_modules\yarn\lib\cli.js:66154:18)
      at Request.self.callback (C:\Users\Asus\AppData\Roaming\npm\node_modules\yarn\lib\cli.js:140890:22)
      at Request.emit (node:events:527:28)
      at Request.<anonymous> (C:\Users\Asus\AppData\Roaming\npm\node_modules\yarn\lib\cli.js:141862:10)
      at Request.emit (node:events:527:28)
      at IncomingMessage.<anonymous> (C:\Users\Asus\AppData\Roaming\npm\node_modules\yarn\lib\cli.js:141784:12)
      at Object.onceWrapper (node:events:641:28)
      at IncomingMessage.emit (node:events:539:35)
      at endReadableNT (node:internal/streams/readable:1345:12)
      at processTicksAndRejections (node:internal/process/task_queues:83:21)

npm manifest: 
  {
    "dependencies": {
      "@mui/icons-material": "^5.8.4",
      "@mui/material": "^5.9.0",
      "@mui/styles": "^5.9.0"
    }
  }

yarn manifest: 
  No manifest

Lockfile: 
  # THIS IS AN AUTOGENERATED FILE. DO NOT EDIT THIS FILE DIRECTLY.
  # yarn lockfile v1
  
  
  "@babel/runtime@^7.17.2", "@babel/runtime@^7.3.1", "@babel/runtime@^7.5.5", "@babel/runtime@^7.8.3", "@babel/runtime@^7.8.7":
    version "7.18.6"
    resolved "https://registry.yarnpkg.com/@babel/runtime/-/runtime-7.18.6.tgz#6a1ef59f838debd670421f8c7f2cbb8da9751580"
    integrity sha512-t9wi7/AW6XtKahAe20Yw0/mMljKq0B1r2fPdvaAdV/KPDZewFXdaaa6K7lxmZBZ8FBNpCiAT6iHPmd6QO9bKfQ==
    dependencies:
      regenerator-runtime "^0.13.4"
  
  "@emotion/cache@^11.9.3":
    version "11.9.3"
    resolved "https://registry.yarnpkg.com/@emotion/cache/-/cache-11.9.3.tgz#96638449f6929fd18062cfe04d79b29b44c0d6cb"
    integrity sha512-0dgkI/JKlCXa+lEXviaMtGBL0ynpx4osh7rjOXE71q9bIF8G+XhJgvi+wDu0B0IdCVx37BffiwXlN9I3UuzFvg==
    dependencies:
      "@emotion/memoize" "^0.7.4"
      "@emotion/sheet" "^1.1.1"
      "@emotion/utils" "^1.0.0"
      "@emotion/weak-memoize" "^0.2.5"
      stylis "4.0.13"
  
  "@emotion/hash@^0.8.0":
    version "0.8.0"
    resolved "https://registry.yarnpkg.com/@emotion/hash/-/hash-0.8.0.tgz#bbbff68978fefdbe68ccb533bc8cbe1d1afb5413"
    integrity sha512-kBJtf7PH6aWwZ6fka3zQ0p6SBYzx4fl1LoZXE2RrnYST9Xljm7WfKJrU4g/Xr3Beg72MLrp1AWNUmuYJTL7Cow==
  
  "@emotion/is-prop-valid@^1.1.3":
    version "1.1.3"
    resolved "https://registry.yarnpkg.com/@emotion/is-prop-valid/-/is-prop-valid-1.1.3.tgz#f0907a416368cf8df9e410117068e20fe87c0a3a"
    integrity sha512-RFg04p6C+1uO19uG8N+vqanzKqiM9eeV1LDOG3bmkYmuOj7NbKNlFC/4EZq5gnwAIlcC/jOT24f8Td0iax2SXA==
    dependencies:
      "@emotion/memoize" "^0.7.4"
  
  "@emotion/memoize@^0.7.4":
    version "0.7.5"
    resolved "https://registry.yarnpkg.com/@emotion/memoize/-/memoize-0.7.5.tgz#2c40f81449a4e554e9fc6396910ed4843ec2be50"
    integrity sha512-igX9a37DR2ZPGYtV6suZ6whr8pTFtyHL3K/oLUotxpSVO2ASaprmAe2Dkq7tBo7CRY7MMDrAa9nuQP9/YG8FxQ==
  
  "@emotion/sheet@^1.1.1":
    version "1.1.1"
    resolved "https://registry.yarnpkg.com/@emotion/sheet/-/sheet-1.1.1.tgz#015756e2a9a3c7c5f11d8ec22966a8dbfbfac787"
    integrity sha512-J3YPccVRMiTZxYAY0IOq3kd+hUP8idY8Kz6B/Cyo+JuXq52Ek+zbPbSQUrVQp95aJ+lsAW7DPL1P2Z+U1jGkKA==
  
  "@emotion/utils@^1.0.0":
    version "1.1.0"
    resolved "https://registry.yarnpkg.com/@emotion/utils/-/utils-1.1.0.tgz#86b0b297f3f1a0f2bdb08eeac9a2f49afd40d0cf"
    integrity sha512-iRLa/Y4Rs5H/f2nimczYmS5kFJEbpiVvgN3XVfZ022IYhuNA1IRSHEizcof88LtCTXtl9S2Cxt32KgaXEu72JQ==
  
  "@emotion/weak-memoize@^0.2.5":
    version "0.2.5"
    resolved "https://registry.yarnpkg.com/@emotion/weak-memoize/-/weak-memoize-0.2.5.tgz#8eed982e2ee6f7f4e44c253e12962980791efd46"
    integrity sha512-6U71C2Wp7r5XtFtQzYrW5iKFT67OixrSxjI4MptCHzdSVlgabczzqLe0ZSgnub/5Kp4hSbpDB1tMytZY9pwxxA==
  
  "@mui/base@5.0.0-alpha.89":
    version "5.0.0-alpha.89"
    resolved "https://registry.yarnpkg.com/@mui/base/-/base-5.0.0-alpha.89.tgz#d72681fa20e05297b426e113c47a0912b59c8b44"
    integrity sha512-2g18hzt947qQ3gQQPOPEBfzQmaT2wafVhyJ7ZOZXeU6kKb88MdlHoPkK2lKXCHMBtRGnnsiF36j0rmhQXu0I5g==
    dependencies:
      "@babel/runtime" "^7.17.2"
      "@emotion/is-prop-valid" "^1.1.3"
      "@mui/types" "^7.1.4"
      "@mui/utils" "^5.9.0"
      "@popperjs/core" "^2.11.5"
      clsx "^1.2.1"
      prop-types "^15.8.1"
      react-is "^18.2.0"
  
  "@mui/icons-material@^5.8.4":
    version "5.8.4"
    resolved "https://registry.yarnpkg.com/@mui/icons-material/-/icons-material-5.8.4.tgz#3f2907c9f8f5ce4d754cb8fb4b68b5a1abf4d095"
    integrity sha512-9Z/vyj2szvEhGWDvb+gG875bOGm8b8rlHBKOD1+nA3PcgC3fV6W1AU6pfOorPeBfH2X4mb9Boe97vHvaSndQvA==
    dependencies:
      "@babel/runtime" "^7.17.2"
  
  "@mui/material@^5.9.0":
    version "5.9.0"
    resolved "https://registry.yarnpkg.com/@mui/material/-/material-5.9.0.tgz#e1cc4f67f16d337e9b94939caa8d6905db45d4e4"
    integrity sha512-KZN3QEeCtwSP1IRpDZ7KQghDX7tyxZojADRCn+UKnoq8HUGNMJm2XKdb7hy9/ybaSW4EXQSKXSGg1AjdfS7Cdg==
    dependencies:
      "@babel/runtime" "^7.17.2"
      "@mui/base" "5.0.0-alpha.89"
      "@mui/system" "^5.9.0"
      "@mui/types" "^7.1.4"
      "@mui/utils" "^5.9.0"
      "@types/react-transition-group" "^4.4.5"
      clsx "^1.2.1"
      csstype "^3.1.0"
      prop-types "^15.8.1"
      react-is "^18.2.0"
      react-transition-group "^4.4.2"
  
  "@mui/private-theming@^5.9.0":
    version "5.9.0"
    resolved "https://registry.yarnpkg.com/@mui/private-theming/-/private-theming-5.9.0.tgz#d2437ed95ecfa3bfc9d2ee7c6053c94d4931cb26"
    integrity sha512-t0ZsWxE/LvX5RH5azjx1esBHbIfD9zjnbSAYkpE59BPpkOrqAYDGoJguL2EPd9LaUb6COmBozmAwNenvI6RJRQ==
    dependencies:
      "@babel/runtime" "^7.17.2"
      "@mui/utils" "^5.9.0"
      prop-types "^15.8.1"
  
  "@mui/styled-engine@^5.8.7":
    version "5.8.7"
    resolved "https://registry.yarnpkg.com/@mui/styled-engine/-/styled-engine-5.8.7.tgz#63d0779c07677fe76d4705a02c7ae99f89b50780"
    integrity sha512-tVqtowjbYmiRq+qcqXK731L9eWoL9H8xTRhuTgaDGKdch1zlt4I2UwInUe1w2N9N/u3/jHsFbLcl1Un3uOwpQg==
    dependencies:
      "@babel/runtime" "^7.17.2"
      "@emotion/cache" "^11.9.3"
      csstype "^3.1.0"
      prop-types "^15.8.1"
  
  "@mui/styles@^5.9.0":
    version "5.9.0"
    resolved "https://registry.yarnpkg.com/@mui/styles/-/styles-5.9.0.tgz#bfac6206bd75d6635eb0f58ee291da0f4f37f200"
    integrity sha512-RV8XUXzpWQ65fjOcu6WHPDZjBpdTN0+YG2JJbKWzz7yphG9SFNp13wLk0BHP2O+C7VBoIqmIg1twOZAIwMaBzg==
    dependencies:
      "@babel/runtime" "^7.17.2"
      "@emotion/hash" "^0.8.0"
      "@mui/private-theming" "^5.9.0"
      "@mui/types" "^7.1.4"
      "@mui/utils" "^5.9.0"
      clsx "^1.2.1"
      csstype "^3.1.0"
      hoist-non-react-statics "^3.3.2"
      jss "^10.8.2"
      jss-plugin-camel-case "^10.8.2"
      jss-plugin-default-unit "^10.8.2"
      jss-plugin-global "^10.8.2"
      jss-plugin-nested "^10.8.2"
      jss-plugin-props-sort "^10.8.2"
      jss-plugin-rule-value-function "^10.8.2"
      jss-plugin-vendor-prefixer "^10.8.2"
      prop-types "^15.8.1"
  
  "@mui/system@^5.9.0":
    version "5.9.0"
    resolved "https://registry.yarnpkg.com/@mui/system/-/system-5.9.0.tgz#804055bc6fcd557479b8b28dfca7ed5c98fd9bf9"
    integrity sha512-KLZDYMmT1usokEJH+raGTh1SbdOx4BVrT+wg8nRpKGNii2sfc3ntuJSKuv3Fu9oeC9xVFTnNBHXKrpJuxeDcqg==
    dependencies:
      "@babel/runtime" "^7.17.2"
      "@mui/private-theming" "^5.9.0"
      "@mui/styled-engine" "^5.8.7"
      "@mui/types" "^7.1.4"
      "@mui/utils" "^5.9.0"
      clsx "^1.2.1"
      csstype "^3.1.0"
      prop-types "^15.8.1"
  
  "@mui/types@^7.1.4":
    version "7.1.4"
    resolved "https://registry.yarnpkg.com/@mui/types/-/types-7.1.4.tgz#4185c05d6df63ec673cda15feab80440abadc764"
    integrity sha512-uveM3byMbthO+6tXZ1n2zm0W3uJCQYtwt/v5zV5I77v2v18u0ITkb8xwhsDD2i3V2Kye7SaNR6FFJ6lMuY/WqQ==
  
  "@mui/utils@^5.9.0":
    version "5.9.0"
    resolved "https://registry.yarnpkg.com/@mui/utils/-/utils-5.9.0.tgz#2e1ac58905b767de47412cb32475862875b8e880"
    integrity sha512-GAaiWP6zBC3RE1NHP9y1c1iKZh5s/nyKKqWxfTrw5lNQY5tWTh9/47F682FuiE5WT1o3h4w/LEkSSIZpMEDzrA==
    dependencies:
      "@babel/runtime" "^7.17.2"
      "@types/prop-types" "^15.7.5"
      "@types/react-is" "^16.7.1 || ^17.0.0"
      prop-types "^15.8.1"
      react-is "^18.2.0"
  
  "@popperjs/core@^2.11.5":
    version "2.11.5"
    resolved "https://registry.yarnpkg.com/@popperjs/core/-/core-2.11.5.tgz#db5a11bf66bdab39569719555b0f76e138d7bd64"
    integrity sha512-9X2obfABZuDVLCgPK9aX0a/x4jaOEweTTWE2+9sr0Qqqevj2Uv5XorvusThmc9XGYpS9yI+fhh8RTafBtGposw==
  
  "@types/prop-types@*", "@types/prop-types@^15.7.5":
    version "15.7.5"
    resolved "https://registry.yarnpkg.com/@types/prop-types/-/prop-types-15.7.5.tgz#5f19d2b85a98e9558036f6a3cacc8819420f05cf"
    integrity sha512-JCB8C6SnDoQf0cNycqd/35A7MjcnK+ZTqE7judS6o7utxUCg6imJg3QK2qzHKszlTjcj2cn+NwMB2i96ubpj7w==
  
  "@types/react-is@^16.7.1 || ^17.0.0":
    version "17.0.3"
    resolved "https://registry.yarnpkg.com/@types/react-is/-/react-is-17.0.3.tgz#2d855ba575f2fc8d17ef9861f084acc4b90a137a"
    integrity sha512-aBTIWg1emtu95bLTLx0cpkxwGW3ueZv71nE2YFBpL8k/z5czEW8yYpOo8Dp+UUAFAtKwNaOsh/ioSeQnWlZcfw==
    dependencies:
      "@types/react" "*"
  
  "@types/react-transition-group@^4.4.5":
    version "4.4.5"
    resolved "https://registry.yarnpkg.com/@types/react-transition-group/-/react-transition-group-4.4.5.tgz#aae20dcf773c5aa275d5b9f7cdbca638abc5e416"
    integrity sha512-juKD/eiSM3/xZYzjuzH6ZwpP+/lejltmiS3QEzV/vmb/Q8+HfDmxu+Baga8UEMGBqV88Nbg4l2hY/K2DkyaLLA==
    dependencies:
      "@types/react" "*"
  
  "@types/react@*":
    version "18.0.15"
    resolved "https://registry.yarnpkg.com/@types/react/-/react-18.0.15.tgz#d355644c26832dc27f3e6cbf0c4f4603fc4ab7fe"
    integrity sha512-iz3BtLuIYH1uWdsv6wXYdhozhqj20oD4/Hk2DNXIn1kFsmp9x8d9QB6FnPhfkbhd2PgEONt9Q1x/ebkwjfFLow==
    dependencies:
      "@types/prop-types" "*"
      "@types/scheduler" "*"
      csstype "^3.0.2"
  
  "@types/scheduler@*":
    version "0.16.2"
    resolved "https://registry.yarnpkg.com/@types/scheduler/-/scheduler-0.16.2.tgz#1a62f89525723dde24ba1b01b092bf5df8ad4d39"
    integrity sha512-hppQEBDmlwhFAXKJX2KnWLYu5yMfi91yazPb2l+lbJiwW+wdo1gNeRA+3RgNSO39WYX2euey41KEwnqesU2Jew==
  
  clsx@^1.2.1:
    version "1.2.1"
    resolved "https://registry.yarnpkg.com/clsx/-/clsx-1.2.1.tgz#0ddc4a20a549b59c93a4116bb26f5294ca17dc12"
    integrity sha512-EcR6r5a8bj6pu3ycsa/E/cKVGuTgZJZdsyUYHOksG/UHIiKfjxzRxYJpyVBwYaQeOvghal9fcc4PidlgzugAQg==
  
  css-vendor@^2.0.8:
    version "2.0.8"
    resolved "https://registry.yarnpkg.com/css-vendor/-/css-vendor-2.0.8.tgz#e47f91d3bd3117d49180a3c935e62e3d9f7f449d"
    integrity sha512-x9Aq0XTInxrkuFeHKbYC7zWY8ai7qJ04Kxd9MnvbC1uO5DagxoHQjm4JvG+vCdXOoFtCjbL2XSZfxmoYa9uQVQ==
    dependencies:
      "@babel/runtime" "^7.8.3"
      is-in-browser "^1.0.2"
  
  csstype@^3.0.2, csstype@^3.1.0:
    version "3.1.0"
    resolved "https://registry.yarnpkg.com/csstype/-/csstype-3.1.0.tgz#4ddcac3718d787cf9df0d1b7d15033925c8f29f2"
    integrity sha512-uX1KG+x9h5hIJsaKR9xHUeUraxf8IODOwq9JLNPq6BwB04a/xgpq3rcx47l5BZu5zBPlgD342tdke3Hom/nJRA==
  
  dom-helpers@^5.0.1:
    version "5.2.1"
    resolved "https://registry.yarnpkg.com/dom-helpers/-/dom-helpers-5.2.1.tgz#d9400536b2bf8225ad98fe052e029451ac40e902"
    integrity sha512-nRCa7CK3VTrM2NmGkIy4cbK7IZlgBE/PYMn55rrXefr5xXDP0LdtfPnblFDoVdcAfslJ7or6iqAUnx0CCGIWQA==
    dependencies:
      "@babel/runtime" "^7.8.7"
      csstype "^3.0.2"
  
  hoist-non-react-statics@^3.3.2:
    version "3.3.2"
    resolved "https://registry.yarnpkg.com/hoist-non-react-statics/-/hoist-non-react-statics-3.3.2.tgz#ece0acaf71d62c2969c2ec59feff42a4b1a85b45"
    integrity sha512-/gGivxi8JPKWNm/W0jSmzcMPpfpPLc3dY/6GxhX2hQ9iGj3aDfklV4ET7NjKpSinLpJ5vafa9iiGIEZg10SfBw==
    dependencies:
      react-is "^16.7.0"
  
  hyphenate-style-name@^1.0.3:
    version "1.0.4"
    resolved "https://registry.yarnpkg.com/hyphenate-style-name/-/hyphenate-style-name-1.0.4.tgz#691879af8e220aea5750e8827db4ef62a54e361d"
    integrity sha512-ygGZLjmXfPHj+ZWh6LwbC37l43MhfztxetbFCoYTM2VjkIUpeHgSNn7QIyVFj7YQ1Wl9Cbw5sholVJPzWvC2MQ==
  
  is-in-browser@^1.0.2, is-in-browser@^1.1.3:
    version "1.1.3"
    resolved "https://registry.yarnpkg.com/is-in-browser/-/is-in-browser-1.1.3.tgz#56ff4db683a078c6082eb95dad7dc62e1d04f835"
    integrity sha512-FeXIBgG/CPGd/WUxuEyvgGTEfwiG9Z4EKGxjNMRqviiIIfsmgrpnHLffEDdwUHqNva1VEW91o3xBT/m8Elgl9g==
  
  "js-tokens@^3.0.0 || ^4.0.0":
    version "4.0.0"
    resolved "https://registry.yarnpkg.com/js-tokens/-/js-tokens-4.0.0.tgz#19203fb59991df98e3a287050d4647cdeaf32499"
    integrity sha512-RdJUflcE3cUzKiMqQgsCu06FPu9UdIJO0beYbPhHN4k6apgJtifcoCtT9bcxOpYBtpD2kCM6Sbzg4CausW/PKQ==
  
  jss-plugin-camel-case@^10.8.2:
    version "10.9.0"
    resolved "https://registry.yarnpkg.com/jss-plugin-camel-case/-/jss-plugin-camel-case-10.9.0.tgz#4921b568b38d893f39736ee8c4c5f1c64670aaf7"
    integrity sha512-UH6uPpnDk413/r/2Olmw4+y54yEF2lRIV8XIZyuYpgPYTITLlPOsq6XB9qeqv+75SQSg3KLocq5jUBXW8qWWww==
    dependencies:
      "@babel/runtime" "^7.3.1"
      hyphenate-style-name "^1.0.3"
      jss "10.9.0"
  
  jss-plugin-default-unit@^10.8.2:
    version "10.9.0"
    resolved "https://registry.yarnpkg.com/jss-plugin-default-unit/-/jss-plugin-default-unit-10.9.0.tgz#bb23a48f075bc0ce852b4b4d3f7582bc002df991"
    integrity sha512-7Ju4Q9wJ/MZPsxfu4T84mzdn7pLHWeqoGd/D8O3eDNNJ93Xc8PxnLmV8s8ZPNRYkLdxZqKtm1nPQ0BM4JRlq2w==
    dependencies:
      "@babel/runtime" "^7.3.1"
      jss "10.9.0"
  
  jss-plugin-global@^10.8.2:
    version "10.9.0"
    resolved "https://registry.yarnpkg.com/jss-plugin-global/-/jss-plugin-global-10.9.0.tgz#fc07a0086ac97aca174e37edb480b69277f3931f"
    integrity sha512-4G8PHNJ0x6nwAFsEzcuVDiBlyMsj2y3VjmFAx/uHk/R/gzJV+yRHICjT4MKGGu1cJq2hfowFWCyrr/Gg37FbgQ==
    dependencies:
      "@babel/runtime" "^7.3.1"
      jss "10.9.0"
  
  jss-plugin-nested@^10.8.2:
    version "10.9.0"
    resolved "https://registry.yarnpkg.com/jss-plugin-nested/-/jss-plugin-nested-10.9.0.tgz#cc1c7d63ad542c3ccc6e2c66c8328c6b6b00f4b3"
    integrity sha512-2UJnDrfCZpMYcpPYR16oZB7VAC6b/1QLsRiAutOt7wJaaqwCBvNsosLEu/fUyKNQNGdvg2PPJFDO5AX7dwxtoA==
    dependencies:
      "@babel/runtime" "^7.3.1"
      jss "10.9.0"
      tiny-warning "^1.0.2"
  
  jss-plugin-props-sort@^10.8.2:
    version "10.9.0"
    resolved "https://registry.yarnpkg.com/jss-plugin-props-sort/-/jss-plugin-props-sort-10.9.0.tgz#30e9567ef9479043feb6e5e59db09b4de687c47d"
    integrity sha512-7A76HI8bzwqrsMOJTWKx/uD5v+U8piLnp5bvru7g/3ZEQOu1+PjHvv7bFdNO3DwNPC9oM0a//KwIJsIcDCjDzw==
    dependencies:
      "@babel/runtime" "^7.3.1"
      jss "10.9.0"
  
  jss-plugin-rule-value-function@^10.8.2:
    version "10.9.0"
    resolved "https://registry.yarnpkg.com/jss-plugin-rule-value-function/-/jss-plugin-rule-value-function-10.9.0.tgz#379fd2732c0746fe45168011fe25544c1a295d67"
    integrity sha512-IHJv6YrEf8pRzkY207cPmdbBstBaE+z8pazhPShfz0tZSDtRdQua5jjg6NMz3IbTasVx9FdnmptxPqSWL5tyJg==
    dependencies:
      "@babel/runtime" "^7.3.1"
      jss "10.9.0"
      tiny-warning "^1.0.2"
  
  jss-plugin-vendor-prefixer@^10.8.2:
    version "10.9.0"
    resolved "https://registry.yarnpkg.com/jss-plugin-vendor-prefixer/-/jss-plugin-vendor-prefixer-10.9.0.tgz#aa9df98abfb3f75f7ed59a3ec50a5452461a206a"
    integrity sha512-MbvsaXP7iiVdYVSEoi+blrW+AYnTDvHTW6I6zqi7JcwXdc6I9Kbm234nEblayhF38EftoenbM+5218pidmC5gA==
    dependencies:
      "@babel/runtime" "^7.3.1"
      css-vendor "^2.0.8"
      jss "10.9.0"
  
  jss@10.9.0, jss@^10.8.2:
    version "10.9.0"
    resolved "https://registry.yarnpkg.com/jss/-/jss-10.9.0.tgz#7583ee2cdc904a83c872ba695d1baab4b59c141b"
    integrity sha512-YpzpreB6kUunQBbrlArlsMpXYyndt9JATbt95tajx0t4MTJJcCJdd4hdNpHmOIDiUJrF/oX5wtVFrS3uofWfGw==
    dependencies:
      "@babel/runtime" "^7.3.1"
      csstype "^3.0.2"
      is-in-browser "^1.1.3"
      tiny-warning "^1.0.2"
  
  loose-envify@^1.4.0:
    version "1.4.0"
    resolved "https://registry.yarnpkg.com/loose-envify/-/loose-envify-1.4.0.tgz#71ee51fa7be4caec1a63839f7e682d8132d30caf"
    integrity sha512-lyuxPGr/Wfhrlem2CL/UcnUc1zcqKAImBDzukY7Y5F/yQiNdko6+fRLevlw1HgMySw7f611UIY408EtxRSoK3Q==
    dependencies:
      js-tokens "^3.0.0 || ^4.0.0"
  
  object-assign@^4.1.1:
    version "4.1.1"
    resolved "https://registry.yarnpkg.com/object-assign/-/object-assign-4.1.1.tgz#2109adc7965887cfc05cbbd442cac8bfbb360863"
    integrity sha512-rJgTQnkUnH1sFw8yT6VSU3zD3sWmu6sZhIseY8VX+GRu3P6F7Fu+JNDoXfklElbLJSnc3FUQHVe4cU5hj+BcUg==
  
  prop-types@^15.6.2, prop-types@^15.8.1:
    version "15.8.1"
    resolved "https://registry.yarnpkg.com/prop-types/-/prop-types-15.8.1.tgz#67d87bf1a694f48435cf332c24af10214a3140b5"
    integrity sha512-oj87CgZICdulUohogVAR7AjlC0327U4el4L6eAvOqCeudMDVU0NThNaV+b9Df4dXgSP1gXMTnPdhfe/2qDH5cg==
    dependencies:
      loose-envify "^1.4.0"
      object-assign "^4.1.1"
      react-is "^16.13.1"
  
  react-is@^16.13.1, react-is@^16.7.0:
    version "16.13.1"
    resolved "https://registry.yarnpkg.com/react-is/-/react-is-16.13.1.tgz#789729a4dc36de2999dc156dd6c1d9c18cea56a4"
    integrity sha512-24e6ynE2H+OKt4kqsOvNd8kBpV65zoxbA4BVsEOB3ARVWQki/DHzaUoC5KuON/BiccDaCCTZBuOcfZs70kR8bQ==
  
  react-is@^18.2.0:
    version "18.2.0"
    resolved "https://registry.yarnpkg.com/react-is/-/react-is-18.2.0.tgz#199431eeaaa2e09f86427efbb4f1473edb47609b"
    integrity sha512-xWGDIW6x921xtzPkhiULtthJHoJvBbF3q26fzloPCK0hsvxtPVelvftw3zjbHWSkR2km9Z+4uxbDDK/6Zw9B8w==
  
  react-transition-group@^4.4.2:
    version "4.4.2"
    resolved "https://registry.yarnpkg.com/react-transition-group/-/react-transition-group-4.4.2.tgz#8b59a56f09ced7b55cbd53c36768b922890d5470"
    integrity sha512-/RNYfRAMlZwDSr6z4zNKV6xu53/e2BuaBbGhbyYIXTrmgu/bGHzmqOs7mJSJBHy9Ud+ApHx3QjrkKSp1pxvlFg==
    dependencies:
      "@babel/runtime" "^7.5.5"
      dom-helpers "^5.0.1"
      loose-envify "^1.4.0"
      prop-types "^15.6.2"
  
  regenerator-runtime@^0.13.4:
    version "0.13.9"
    resolved "https://registry.yarnpkg.com/regenerator-runtime/-/regenerator-runtime-0.13.9.tgz#8925742a98ffd90814988d7566ad30ca3b263b52"
    integrity sha512-p3VT+cOEgxFsRRA9X4lkI1E+k2/CtnKtU4gcxyaCUreilL/vqI6CdZ3wxVUx3UOUg+gnUOQQcRI7BmSI656MYA==
  
  stylis@4.0.13:
    version "4.0.13"
    resolved "https://registry.yarnpkg.com/stylis/-/stylis-4.0.13.tgz#f5db332e376d13cc84ecfe5dace9a2a51d954c91"
    integrity sha512-xGPXiFVl4YED9Jh7Euv2V220mriG9u4B2TA6Ybjc1catrstKD2PpIdU3U0RKpkVBC2EhmL/F0sPCr9vrFTNRag==
  
  tiny-warning@^1.0.2:
    version "1.0.3"
    resolved "https://registry.yarnpkg.com/tiny-warning/-/tiny-warning-1.0.3.tgz#94a30db453df4c643d0fd566060d60a875d84754"
    integrity sha512-lBN9zLN/oAf68o3zNXYrdCt1kP8WsiGW8Oo2ka41b2IM5JL/S1CTyX1rW0mb/zSuJun0ZUrDxx4sqvYS2FWzPA==
